mode: set
github.com/empresa/gestion-vacaciones/internal/service/vacaciones_service.go:36.21,42.2 1 0
github.com/empresa/gestion-vacaciones/internal/service/vacaciones_service.go:44.97,46.16 2 0
github.com/empresa/gestion-vacaciones/internal/service/vacaciones_service.go:46.16,51.3 1 0
github.com/empresa/gestion-vacaciones/internal/service/vacaciones_service.go:53.2,54.16 2 0
github.com/empresa/gestion-vacaciones/internal/service/vacaciones_service.go:54.16,59.3 1 0
github.com/empresa/gestion-vacaciones/internal/service/vacaciones_service.go:62.2,66.34 3 0
github.com/empresa/gestion-vacaciones/internal/service/vacaciones_service.go:66.34,71.3 1 0
github.com/empresa/gestion-vacaciones/internal/service/vacaciones_service.go:74.2,75.16 2 0
github.com/empresa/gestion-vacaciones/internal/service/vacaciones_service.go:75.16,81.3 2 0
github.com/empresa/gestion-vacaciones/internal/service/vacaciones_service.go:83.2,83.13 1 0
github.com/empresa/gestion-vacaciones/internal/service/vacaciones_service.go:83.13,88.3 1 0
github.com/empresa/gestion-vacaciones/internal/service/vacaciones_service.go:90.2,100.48 3 0
github.com/empresa/gestion-vacaciones/internal/service/vacaciones_service.go:100.48,106.3 2 0
github.com/empresa/gestion-vacaciones/internal/service/vacaciones_service.go:109.2,109.95 1 0
github.com/empresa/gestion-vacaciones/internal/service/vacaciones_service.go:109.95,115.3 1 0
github.com/empresa/gestion-vacaciones/internal/service/vacaciones_service.go:117.2,124.22 2 0
github.com/empresa/gestion-vacaciones/internal/service/vacaciones_service.go:127.77,129.16 2 0
github.com/empresa/gestion-vacaciones/internal/service/vacaciones_service.go:129.16,135.3 2 0
github.com/empresa/gestion-vacaciones/internal/service/vacaciones_service.go:137.2,137.21 1 0
github.com/empresa/gestion-vacaciones/internal/service/vacaciones_service.go:137.21,142.3 1 0
github.com/empresa/gestion-vacaciones/internal/service/vacaciones_service.go:144.2,144.22 1 0
github.com/empresa/gestion-vacaciones/internal/service/vacaciones_service.go:147.84,151.23 3 0
github.com/empresa/gestion-vacaciones/internal/service/vacaciones_service.go:151.23,153.3 1 0
github.com/empresa/gestion-vacaciones/internal/service/vacaciones_service.go:153.8,155.3 1 0
github.com/empresa/gestion-vacaciones/internal/service/vacaciones_service.go:157.2,157.16 1 0
github.com/empresa/gestion-vacaciones/internal/service/vacaciones_service.go:157.16,163.3 2 0
github.com/empresa/gestion-vacaciones/internal/service/vacaciones_service.go:165.2,165.23 1 0
github.com/empresa/gestion-vacaciones/internal/service/vacaciones_service.go:165.23,167.3 1 0
github.com/empresa/gestion-vacaciones/internal/service/vacaciones_service.go:169.2,169.24 1 0
github.com/empresa/gestion-vacaciones/internal/service/vacaciones_service.go:172.56,174.16 2 0
github.com/empresa/gestion-vacaciones/internal/service/vacaciones_service.go:174.16,180.3 2 0
github.com/empresa/gestion-vacaciones/internal/service/vacaciones_service.go:182.2,182.21 1 0
github.com/empresa/gestion-vacaciones/internal/service/vacaciones_service.go:182.21,187.3 1 0
github.com/empresa/gestion-vacaciones/internal/service/vacaciones_service.go:189.2,189.47 1 0
github.com/empresa/gestion-vacaciones/internal/service/vacaciones_service.go:189.47,194.3 1 0
github.com/empresa/gestion-vacaciones/internal/service/vacaciones_service.go:196.2,196.48 1 0
github.com/empresa/gestion-vacaciones/internal/service/vacaciones_service.go:196.48,201.3 1 0
github.com/empresa/gestion-vacaciones/internal/service/vacaciones_service.go:203.2,203.72 1 0
github.com/empresa/gestion-vacaciones/internal/service/vacaciones_service.go:203.72,209.3 2 0
github.com/empresa/gestion-vacaciones/internal/service/vacaciones_service.go:211.2,216.12 2 0
github.com/empresa/gestion-vacaciones/internal/service/vacaciones_service.go:225.35,227.2 1 0
github.com/empresa/gestion-vacaciones/internal/handlers/vacaciones_handler.go:30.13,33.2 2 0
github.com/empresa/gestion-vacaciones/internal/handlers/vacaciones_handler.go:47.22,54.2 1 0
github.com/empresa/gestion-vacaciones/internal/handlers/vacaciones_handler.go:63.52,70.17 2 0
github.com/empresa/gestion-vacaciones/internal/handlers/vacaciones_handler.go:70.17,71.37 1 0
github.com/empresa/gestion-vacaciones/internal/handlers/vacaciones_handler.go:71.37,73.4 1 0
github.com/empresa/gestion-vacaciones/internal/handlers/vacaciones_handler.go:73.9,75.4 1 0
github.com/empresa/gestion-vacaciones/internal/handlers/vacaciones_handler.go:76.8,78.3 1 0
github.com/empresa/gestion-vacaciones/internal/handlers/vacaciones_handler.go:81.2,81.31 1 0
github.com/empresa/gestion-vacaciones/internal/handlers/vacaciones_handler.go:81.31,83.3 1 0
github.com/empresa/gestion-vacaciones/internal/handlers/vacaciones_handler.go:83.8,85.3 1 0
github.com/empresa/gestion-vacaciones/internal/handlers/vacaciones_handler.go:87.2,88.25 2 0
github.com/empresa/gestion-vacaciones/internal/handlers/vacaciones_handler.go:88.25,89.18 1 0
github.com/empresa/gestion-vacaciones/internal/handlers/vacaciones_handler.go:89.18,91.9 2 0
github.com/empresa/gestion-vacaciones/internal/handlers/vacaciones_handler.go:95.2,100.4 1 0
github.com/empresa/gestion-vacaciones/internal/handlers/vacaciones_handler.go:115.60,117.47 2 0
github.com/empresa/gestion-vacaciones/internal/handlers/vacaciones_handler.go:117.47,129.3 4 0
github.com/empresa/gestion-vacaciones/internal/handlers/vacaciones_handler.go:131.2,132.16 2 0
github.com/empresa/gestion-vacaciones/internal/handlers/vacaciones_handler.go:132.16,135.48 2 0
github.com/empresa/gestion-vacaciones/internal/handlers/vacaciones_handler.go:135.48,137.23 2 0
github.com/empresa/gestion-vacaciones/internal/handlers/vacaciones_handler.go:138.68,139.39 1 0
github.com/empresa/gestion-vacaciones/internal/handlers/vacaciones_handler.go:140.32,141.37 1 0
github.com/empresa/gestion-vacaciones/internal/handlers/vacaciones_handler.go:144.4,152.10 2 0
github.com/empresa/gestion-vacaciones/internal/handlers/vacaciones_handler.go:155.3,163.9 2 0
github.com/empresa/gestion-vacaciones/internal/handlers/vacaciones_handler.go:166.2,172.4 2 0
github.com/empresa/gestion-vacaciones/internal/handlers/vacaciones_handler.go:185.57,188.16 3 0
github.com/empresa/gestion-vacaciones/internal/handlers/vacaciones_handler.go:188.16,199.3 3 0
github.com/empresa/gestion-vacaciones/internal/handlers/vacaciones_handler.go:201.2,202.16 2 0
github.com/empresa/gestion-vacaciones/internal/handlers/vacaciones_handler.go:202.16,205.91 2 0
github.com/empresa/gestion-vacaciones/internal/handlers/vacaciones_handler.go:205.91,215.4 2 0
github.com/empresa/gestion-vacaciones/internal/handlers/vacaciones_handler.go:217.3,225.9 2 0
github.com/empresa/gestion-vacaciones/internal/handlers/vacaciones_handler.go:228.2,232.4 1 0
github.com/empresa/gestion-vacaciones/internal/handlers/vacaciones_handler.go:244.60,247.65 2 0
github.com/empresa/gestion-vacaciones/internal/handlers/vacaciones_handler.go:247.65,249.17 2 0
github.com/empresa/gestion-vacaciones/internal/handlers/vacaciones_handler.go:249.17,260.4 3 0
github.com/empresa/gestion-vacaciones/internal/handlers/vacaciones_handler.go:261.3,261.25 1 0
github.com/empresa/gestion-vacaciones/internal/handlers/vacaciones_handler.go:264.2,265.16 2 0
github.com/empresa/gestion-vacaciones/internal/handlers/vacaciones_handler.go:265.16,276.3 3 0
github.com/empresa/gestion-vacaciones/internal/handlers/vacaciones_handler.go:278.2,282.4 1 0
github.com/empresa/gestion-vacaciones/internal/handlers/vacaciones_handler.go:296.60,299.16 3 0
github.com/empresa/gestion-vacaciones/internal/handlers/vacaciones_handler.go:299.16,310.3 3 0
github.com/empresa/gestion-vacaciones/internal/handlers/vacaciones_handler.go:312.2,312.41 1 0
github.com/empresa/gestion-vacaciones/internal/handlers/vacaciones_handler.go:312.41,315.48 2 0
github.com/empresa/gestion-vacaciones/internal/handlers/vacaciones_handler.go:315.48,317.23 2 0
github.com/empresa/gestion-vacaciones/internal/handlers/vacaciones_handler.go:318.34,319.37 1 0
github.com/empresa/gestion-vacaciones/internal/handlers/vacaciones_handler.go:320.56,321.37 1 0
github.com/empresa/gestion-vacaciones/internal/handlers/vacaciones_handler.go:324.4,332.10 2 0
github.com/empresa/gestion-vacaciones/internal/handlers/vacaciones_handler.go:335.3,343.9 2 0
github.com/empresa/gestion-vacaciones/internal/handlers/vacaciones_handler.go:346.2,350.4 1 0
github.com/empresa/gestion-vacaciones/internal/handlers/vacaciones_handler.go:359.65,361.2 1 0
github.com/empresa/gestion-vacaciones/pkg/middleware/logger.go:10.62,11.30 1 0
github.com/empresa/gestion-vacaciones/pkg/middleware/logger.go:11.30,30.3 8 0
github.com/empresa/gestion-vacaciones/internal/repository/vacaciones_repo.go:29.86,34.2 1 1
github.com/empresa/gestion-vacaciones/internal/repository/vacaciones_repo.go:36.39,38.2 1 1
github.com/empresa/gestion-vacaciones/internal/repository/vacaciones_repo.go:40.66,53.16 3 1
github.com/empresa/gestion-vacaciones/internal/repository/vacaciones_repo.go:53.16,56.3 2 1
github.com/empresa/gestion-vacaciones/internal/repository/vacaciones_repo.go:57.2,57.12 1 1
github.com/empresa/gestion-vacaciones/internal/repository/vacaciones_repo.go:60.75,70.26 4 1
github.com/empresa/gestion-vacaciones/internal/repository/vacaciones_repo.go:70.26,72.3 1 1
github.com/empresa/gestion-vacaciones/internal/repository/vacaciones_repo.go:73.2,73.16 1 1
github.com/empresa/gestion-vacaciones/internal/repository/vacaciones_repo.go:73.16,76.3 2 1
github.com/empresa/gestion-vacaciones/internal/repository/vacaciones_repo.go:77.2,77.16 1 1
github.com/empresa/gestion-vacaciones/internal/repository/vacaciones_repo.go:80.92,88.16 3 1
github.com/empresa/gestion-vacaciones/internal/repository/vacaciones_repo.go:88.16,91.3 2 0
github.com/empresa/gestion-vacaciones/internal/repository/vacaciones_repo.go:92.2,94.29 2 1
github.com/empresa/gestion-vacaciones/internal/repository/vacaciones_repo.go:97.63,104.16 3 1
github.com/empresa/gestion-vacaciones/internal/repository/vacaciones_repo.go:104.16,107.3 2 0
github.com/empresa/gestion-vacaciones/internal/repository/vacaciones_repo.go:108.2,110.29 2 1
github.com/empresa/gestion-vacaciones/internal/repository/vacaciones_repo.go:113.74,116.16 3 1
github.com/empresa/gestion-vacaciones/internal/repository/vacaciones_repo.go:116.16,119.3 2 0
github.com/empresa/gestion-vacaciones/internal/repository/vacaciones_repo.go:121.2,122.23 2 1
github.com/empresa/gestion-vacaciones/internal/repository/vacaciones_repo.go:122.23,124.3 1 1
github.com/empresa/gestion-vacaciones/internal/repository/vacaciones_repo.go:126.2,126.12 1 1
github.com/empresa/gestion-vacaciones/internal/repository/vacaciones_repo.go:129.131,138.22 3 1
github.com/empresa/gestion-vacaciones/internal/repository/vacaciones_repo.go:138.22,141.3 2 1
github.com/empresa/gestion-vacaciones/internal/repository/vacaciones_repo.go:143.2,145.16 3 1
github.com/empresa/gestion-vacaciones/internal/repository/vacaciones_repo.go:145.16,148.3 2 0
github.com/empresa/gestion-vacaciones/internal/repository/vacaciones_repo.go:150.2,150.23 1 1
github.com/empresa/gestion-vacaciones/internal/repository/vacaciones_repo.go:153.64,155.18 2 1
github.com/empresa/gestion-vacaciones/internal/repository/vacaciones_repo.go:155.18,157.111 2 1
github.com/empresa/gestion-vacaciones/internal/repository/vacaciones_repo.go:157.111,159.4 1 0
github.com/empresa/gestion-vacaciones/internal/repository/vacaciones_repo.go:160.3,160.37 1 1
github.com/empresa/gestion-vacaciones/internal/repository/vacaciones_repo.go:162.2,162.35 1 1
github.com/empresa/gestion-vacaciones/internal/repository/vacaciones_repo.go:162.35,164.3 1 0
github.com/empresa/gestion-vacaciones/internal/repository/vacaciones_repo.go:165.2,165.24 1 1
github.com/empresa/gestion-vacaciones/internal/handlers/vacaciones_handler.go:30.13,33.2 2 1
github.com/empresa/gestion-vacaciones/internal/handlers/vacaciones_handler.go:47.22,54.2 1 1
github.com/empresa/gestion-vacaciones/internal/handlers/vacaciones_handler.go:63.52,70.17 2 1
github.com/empresa/gestion-vacaciones/internal/handlers/vacaciones_handler.go:70.17,71.37 1 0
github.com/empresa/gestion-vacaciones/internal/handlers/vacaciones_handler.go:71.37,73.4 1 0
github.com/empresa/gestion-vacaciones/internal/handlers/vacaciones_handler.go:73.9,75.4 1 0
github.com/empresa/gestion-vacaciones/internal/handlers/vacaciones_handler.go:76.8,78.3 1 1
github.com/empresa/gestion-vacaciones/internal/handlers/vacaciones_handler.go:81.2,81.31 1 1
github.com/empresa/gestion-vacaciones/internal/handlers/vacaciones_handler.go:81.31,83.3 1 0
github.com/empresa/gestion-vacaciones/internal/handlers/vacaciones_handler.go:83.8,85.3 1 1
github.com/empresa/gestion-vacaciones/internal/handlers/vacaciones_handler.go:87.2,88.25 2 1
github.com/empresa/gestion-vacaciones/internal/handlers/vacaciones_handler.go:88.25,89.18 1 1
github.com/empresa/gestion-vacaciones/internal/handlers/vacaciones_handler.go:89.18,91.9 2 1
github.com/empresa/gestion-vacaciones/internal/handlers/vacaciones_handler.go:95.2,100.4 1 1
github.com/empresa/gestion-vacaciones/internal/handlers/vacaciones_handler.go:115.60,117.47 2 1
github.com/empresa/gestion-vacaciones/internal/handlers/vacaciones_handler.go:117.47,129.3 4 1
github.com/empresa/gestion-vacaciones/internal/handlers/vacaciones_handler.go:131.2,132.16 2 1
github.com/empresa/gestion-vacaciones/internal/handlers/vacaciones_handler.go:132.16,135.48 2 1
github.com/empresa/gestion-vacaciones/internal/handlers/vacaciones_handler.go:135.48,137.23 2 1
github.com/empresa/gestion-vacaciones/internal/handlers/vacaciones_handler.go:138.68,139.39 1 0
github.com/empresa/gestion-vacaciones/internal/handlers/vacaciones_handler.go:140.32,141.37 1 1
github.com/empresa/gestion-vacaciones/internal/handlers/vacaciones_handler.go:144.4,152.10 2 1
github.com/empresa/gestion-vacaciones/internal/handlers/vacaciones_handler.go:155.3,163.9 2 0
github.com/empresa/gestion-vacaciones/internal/handlers/vacaciones_handler.go:166.2,172.4 2 1
github.com/empresa/gestion-vacaciones/internal/handlers/vacaciones_handler.go:185.57,188.16 3 1
github.com/empresa/gestion-vacaciones/internal/handlers/vacaciones_handler.go:188.16,199.3 3 1
github.com/empresa/gestion-vacaciones/internal/handlers/vacaciones_handler.go:201.2,202.16 2 1
github.com/empresa/gestion-vacaciones/internal/handlers/vacaciones_handler.go:202.16,205.91 2 1
github.com/empresa/gestion-vacaciones/internal/handlers/vacaciones_handler.go:205.91,215.4 2 1
github.com/empresa/gestion-vacaciones/internal/handlers/vacaciones_handler.go:217.3,225.9 2 0
github.com/empresa/gestion-vacaciones/internal/handlers/vacaciones_handler.go:228.2,232.4 1 1
github.com/empresa/gestion-vacaciones/internal/handlers/vacaciones_handler.go:244.60,247.65 2 1
github.com/empresa/gestion-vacaciones/internal/handlers/vacaciones_handler.go:247.65,249.17 2 1
github.com/empresa/gestion-vacaciones/internal/handlers/vacaciones_handler.go:249.17,260.4 3 0
github.com/empresa/gestion-vacaciones/internal/handlers/vacaciones_handler.go:261.3,261.25 1 1
github.com/empresa/gestion-vacaciones/internal/handlers/vacaciones_handler.go:264.2,265.16 2 1
github.com/empresa/gestion-vacaciones/internal/handlers/vacaciones_handler.go:265.16,276.3 3 0
github.com/empresa/gestion-vacaciones/internal/handlers/vacaciones_handler.go:278.2,282.4 1 1
github.com/empresa/gestion-vacaciones/internal/handlers/vacaciones_handler.go:296.60,299.16 3 1
github.com/empresa/gestion-vacaciones/internal/handlers/vacaciones_handler.go:299.16,310.3 3 0
github.com/empresa/gestion-vacaciones/internal/handlers/vacaciones_handler.go:312.2,312.41 1 1
github.com/empresa/gestion-vacaciones/internal/handlers/vacaciones_handler.go:312.41,315.48 2 1
github.com/empresa/gestion-vacaciones/internal/handlers/vacaciones_handler.go:315.48,317.23 2 1
github.com/empresa/gestion-vacaciones/internal/handlers/vacaciones_handler.go:318.34,319.37 1 1
github.com/empresa/gestion-vacaciones/internal/handlers/vacaciones_handler.go:320.56,321.37 1 0
github.com/empresa/gestion-vacaciones/internal/handlers/vacaciones_handler.go:324.4,332.10 2 1
github.com/empresa/gestion-vacaciones/internal/handlers/vacaciones_handler.go:335.3,343.9 2 0
github.com/empresa/gestion-vacaciones/internal/handlers/vacaciones_handler.go:346.2,350.4 1 1
github.com/empresa/gestion-vacaciones/internal/handlers/vacaciones_handler.go:359.65,361.2 1 0
github.com/empresa/gestion-vacaciones/internal/service/vacaciones_service.go:36.21,42.2 1 1
github.com/empresa/gestion-vacaciones/internal/service/vacaciones_service.go:44.97,46.16 2 1
github.com/empresa/gestion-vacaciones/internal/service/vacaciones_service.go:46.16,51.3 1 1
github.com/empresa/gestion-vacaciones/internal/service/vacaciones_service.go:53.2,54.16 2 1
github.com/empresa/gestion-vacaciones/internal/service/vacaciones_service.go:54.16,59.3 1 1
github.com/empresa/gestion-vacaciones/internal/service/vacaciones_service.go:62.2,66.34 3 1
github.com/empresa/gestion-vacaciones/internal/service/vacaciones_service.go:66.34,71.3 1 1
github.com/empresa/gestion-vacaciones/internal/service/vacaciones_service.go:74.2,75.16 2 1
github.com/empresa/gestion-vacaciones/internal/service/vacaciones_service.go:75.16,81.3 2 0
github.com/empresa/gestion-vacaciones/internal/service/vacaciones_service.go:83.2,83.13 1 1
github.com/empresa/gestion-vacaciones/internal/service/vacaciones_service.go:83.13,88.3 1 1
github.com/empresa/gestion-vacaciones/internal/service/vacaciones_service.go:90.2,100.48 3 1
github.com/empresa/gestion-vacaciones/internal/service/vacaciones_service.go:100.48,106.3 2 0
github.com/empresa/gestion-vacaciones/internal/service/vacaciones_service.go:109.2,109.95 1 1
github.com/empresa/gestion-vacaciones/internal/service/vacaciones_service.go:109.95,115.3 1 0
github.com/empresa/gestion-vacaciones/internal/service/vacaciones_service.go:117.2,124.22 2 1
github.com/empresa/gestion-vacaciones/internal/service/vacaciones_service.go:127.77,129.16 2 1
github.com/empresa/gestion-vacaciones/internal/service/vacaciones_service.go:129.16,135.3 2 0
github.com/empresa/gestion-vacaciones/internal/service/vacaciones_service.go:137.2,137.21 1 1
github.com/empresa/gestion-vacaciones/internal/service/vacaciones_service.go:137.21,142.3 1 1
github.com/empresa/gestion-vacaciones/internal/service/vacaciones_service.go:144.2,144.22 1 1
github.com/empresa/gestion-vacaciones/internal/service/vacaciones_service.go:147.84,151.23 3 1
github.com/empresa/gestion-vacaciones/internal/service/vacaciones_service.go:151.23,153.3 1 1
github.com/empresa/gestion-vacaciones/internal/service/vacaciones_service.go:153.8,155.3 1 1
github.com/empresa/gestion-vacaciones/internal/service/vacaciones_service.go:157.2,157.16 1 1
github.com/empresa/gestion-vacaciones/internal/service/vacaciones_service.go:157.16,163.3 2 0
github.com/empresa/gestion-vacaciones/internal/service/vacaciones_service.go:165.2,165.23 1 1
github.com/empresa/gestion-vacaciones/internal/service/vacaciones_service.go:165.23,167.3 1 0
github.com/empresa/gestion-vacaciones/internal/service/vacaciones_service.go:169.2,169.24 1 1
github.com/empresa/gestion-vacaciones/internal/service/vacaciones_service.go:172.56,174.16 2 1
github.com/empresa/gestion-vacaciones/internal/service/vacaciones_service.go:174.16,180.3 2 0
github.com/empresa/gestion-vacaciones/internal/service/vacaciones_service.go:182.2,182.21 1 1
github.com/empresa/gestion-vacaciones/internal/service/vacaciones_service.go:182.21,187.3 1 1
github.com/empresa/gestion-vacaciones/internal/service/vacaciones_service.go:189.2,189.47 1 1
github.com/empresa/gestion-vacaciones/internal/service/vacaciones_service.go:189.47,194.3 1 1
github.com/empresa/gestion-vacaciones/internal/service/vacaciones_service.go:196.2,196.48 1 1
github.com/empresa/gestion-vacaciones/internal/service/vacaciones_service.go:196.48,201.3 1 1
github.com/empresa/gestion-vacaciones/internal/service/vacaciones_service.go:203.2,203.72 1 1
github.com/empresa/gestion-vacaciones/internal/service/vacaciones_service.go:203.72,209.3 2 0
github.com/empresa/gestion-vacaciones/internal/service/vacaciones_service.go:211.2,216.12 2 1
github.com/empresa/gestion-vacaciones/internal/service/vacaciones_service.go:225.35,227.2 1 1
