<?xml version="1.0" ?>
<!DOCTYPE coverage SYSTEM "http://cobertura.sourceforge.net/xml/coverage-04.dtd">
<coverage lines-valid="251" lines-covered="226" line-rate="0.9003" branches-valid="94" branches-covered="79" branch-rate="0.8404" timestamp="1779064810510" complexity="0" version="0.1">
  <sources>
    <source>C:\Users\ANGEL\Documents\proyecto-final-microservicios\microservicios\api-gateway</source>
  </sources>
  <packages>
    <package name="src" line-rate="0.9365000000000001" branch-rate="0.95">
      <classes>
        <class name="app.js" filename="src\app.js" line-rate="0.9354" branch-rate="0.75">
          <methods>
            <method name="(anonymous_0)" hits="35" signature="()V">
              <lines>
                <line number="48" hits="35"/>
              </lines>
            </method>
            <method name="(anonymous_1)" hits="35" signature="()V">
              <lines>
                <line number="50" hits="35"/>
              </lines>
            </method>
            <method name="(anonymous_2)" hits="2" signature="()V">
              <lines>
                <line number="78" hits="2"/>
              </lines>
            </method>
            <method name="(anonymous_3)" hits="10" signature="()V">
              <lines>
                <line number="90" hits="10"/>
              </lines>
            </method>
            <method name="(anonymous_4)" hits="10" signature="()V">
              <lines>
                <line number="101" hits="10"/>
              </lines>
            </method>
            <method name="(anonymous_5)" hits="1" signature="()V">
              <lines>
                <line number="119" hits="1"/>
              </lines>
            </method>
            <method name="(anonymous_6)" hits="1" signature="()V">
              <lines>
                <line number="151" hits="1"/>
              </lines>
            </method>
          </methods>
          <lines>
            <line number="1" hits="5" branch="false"/>
            <line number="2" hits="5" branch="false"/>
            <line number="3" hits="5" branch="false"/>
            <line number="4" hits="5" branch="false"/>
            <line number="5" hits="5" branch="false"/>
            <line number="6" hits="5" branch="false"/>
            <line number="7" hits="5" branch="false"/>
            <line number="8" hits="5" branch="false"/>
            <line number="10" hits="5" branch="false"/>
            <line number="11" hits="5" branch="false"/>
            <line number="12" hits="5" branch="false"/>
            <line number="14" hits="5" branch="false"/>
            <line number="15" hits="5" branch="false"/>
            <line number="16" hits="5" branch="false"/>
            <line number="17" hits="5" branch="false"/>
            <line number="19" hits="5" branch="false"/>
            <line number="24" hits="5" branch="false"/>
            <line number="25" hits="5" branch="false"/>
            <line number="26" hits="5" branch="false"/>
            <line number="27" hits="5" branch="false"/>
            <line number="32" hits="5" branch="false"/>
            <line number="34" hits="5" branch="false"/>
            <line number="41" hits="5" branch="false"/>
            <line number="48" hits="5" branch="false"/>
            <line number="49" hits="35" branch="false"/>
            <line number="50" hits="35" branch="false"/>
            <line number="51" hits="35" branch="true" condition-coverage="100% (2/2)"/>
            <line number="52" hits="35" branch="false"/>
            <line number="53" hits="35" branch="false"/>
            <line number="54" hits="35" branch="false"/>
            <line number="56" hits="35" branch="false"/>
            <line number="63" hits="5" branch="false"/>
            <line number="64" hits="5" branch="false"/>
            <line number="65" hits="5" branch="false"/>
            <line number="66" hits="5" branch="false"/>
            <line number="68" hits="0" branch="false"/>
            <line number="78" hits="5" branch="false"/>
            <line number="79" hits="2" branch="false"/>
            <line number="87" hits="2" branch="false"/>
            <line number="89" hits="2" branch="false"/>
            <line number="91" hits="10" branch="false"/>
            <line number="92" hits="10" branch="false"/>
            <line number="93" hits="9" branch="false"/>
            <line number="95" hits="1" branch="false"/>
            <line number="101" hits="2" branch="false"/>
            <line number="102" hits="10" branch="true" condition-coverage="50% (1/2)"/>
            <line number="103" hits="0" branch="false"/>
            <line number="107" hits="2" branch="false"/>
            <line number="119" hits="5" branch="false"/>
            <line number="120" hits="1" branch="false"/>
            <line number="121" hits="1" branch="false"/>
            <line number="122" hits="1" branch="false"/>
            <line number="124" hits="0" branch="false"/>
            <line number="129" hits="0" branch="false"/>
            <line number="143" hits="5" branch="false"/>
            <line number="144" hits="5" branch="false"/>
            <line number="145" hits="5" branch="false"/>
            <line number="146" hits="5" branch="false"/>
            <line number="151" hits="5" branch="false"/>
            <line number="152" hits="1" branch="false"/>
            <line number="165" hits="5" branch="false"/>
            <line number="167" hits="5" branch="false"/>
          </lines>
        </class>
        <class name="config.js" filename="src\config.js" line-rate="1" branch-rate="1">
          <methods>
          </methods>
          <lines>
            <line number="1" hits="5" branch="false"/>
          </lines>
        </class>
      </classes>
    </package>
    <package name="src.middleware" line-rate="0.9111" branch-rate="0.8095">
      <classes>
        <class name="auth.middleware.js" filename="src\middleware\auth.middleware.js" line-rate="0.8461" branch-rate="0.65">
          <methods>
            <method name="authMiddleware" hits="26" signature="()V">
              <lines>
                <line number="5" hits="26"/>
              </lines>
            </method>
          </methods>
          <lines>
            <line number="1" hits="5" branch="false"/>
            <line number="2" hits="5" branch="false"/>
            <line number="3" hits="5" branch="false"/>
            <line number="6" hits="26" branch="false"/>
            <line number="8" hits="26" branch="true" condition-coverage="100% (4/4)"/>
            <line number="9" hits="3" branch="false"/>
            <line number="19" hits="23" branch="false"/>
            <line number="21" hits="23" branch="false"/>
            <line number="22" hits="23" branch="false"/>
            <line number="28" hits="22" branch="false"/>
            <line number="30" hits="22" branch="true" condition-coverage="100% (4/4)"/>
            <line number="31" hits="1" branch="false"/>
            <line number="41" hits="21" branch="false"/>
            <line number="42" hits="21" branch="true" condition-coverage="50% (1/2)"/>
            <line number="45" hits="21" branch="false"/>
            <line number="46" hits="21" branch="false"/>
            <line number="47" hits="21" branch="false"/>
            <line number="49" hits="21" branch="false"/>
            <line number="51" hits="1" branch="true" condition-coverage="75% (3/4)"/>
            <line number="52" hits="1" branch="false"/>
            <line number="57" hits="1" branch="false"/>
            <line number="67" hits="0" branch="true" condition-coverage="0% (0/4)"/>
            <line number="68" hits="0" branch="false"/>
            <line number="78" hits="0" branch="false"/>
            <line number="83" hits="0" branch="false"/>
            <line number="94" hits="5" branch="false"/>
          </lines>
        </class>
        <class name="error.middleware.js" filename="src\middleware\error.middleware.js" line-rate="1" branch-rate="0.875">
          <methods>
            <method name="errorMiddleware" hits="3" signature="()V">
              <lines>
                <line number="3" hits="3"/>
              </lines>
            </method>
          </methods>
          <lines>
            <line number="1" hits="6" branch="false"/>
            <line number="4" hits="3" branch="false"/>
            <line number="14" hits="3" branch="true" condition-coverage="100% (2/2)"/>
            <line number="15" hits="1" branch="false"/>
            <line number="25" hits="2" branch="true" condition-coverage="100% (2/2)"/>
            <line number="35" hits="6" branch="false"/>
          </lines>
        </class>
        <class name="logger.middleware.js" filename="src\middleware\logger.middleware.js" line-rate="1" branch-rate="1">
          <methods>
            <method name="requestLogger" hits="35" signature="()V">
              <lines>
                <line number="20" hits="35"/>
              </lines>
            </method>
            <method name="(anonymous_1)" hits="35" signature="()V">
              <lines>
                <line number="23" hits="35"/>
              </lines>
            </method>
          </methods>
          <lines>
            <line number="1" hits="6" branch="false"/>
            <line number="3" hits="6" branch="false"/>
            <line number="21" hits="35" branch="false"/>
            <line number="23" hits="35" branch="false"/>
            <line number="24" hits="35" branch="false"/>
            <line number="25" hits="35" branch="false"/>
            <line number="37" hits="35" branch="true" condition-coverage="100% (2/2)"/>
            <line number="38" hits="4" branch="false"/>
            <line number="39" hits="31" branch="true" condition-coverage="100% (2/2)"/>
            <line number="40" hits="13" branch="false"/>
            <line number="42" hits="18" branch="false"/>
            <line number="46" hits="35" branch="false"/>
            <line number="49" hits="6" branch="false"/>
          </lines>
        </class>
      </classes>
    </package>
    <package name="src.proxy" line-rate="0.8095" branch-rate="0.6428">
      <classes>
        <class name="httpProxy.js" filename="src\proxy\httpProxy.js" line-rate="0.8095" branch-rate="0.6428">
          <methods>
            <method name="createTimeout" hits="22" signature="()V">
              <lines>
                <line number="5" hits="22"/>
              </lines>
            </method>
            <method name="(anonymous_1)" hits="22" signature="()V">
              <lines>
                <line number="6" hits="22"/>
              </lines>
            </method>
            <method name="(anonymous_2)" hits="0" signature="()V">
              <lines>
                <line number="7" hits="0"/>
              </lines>
            </method>
            <method name="forwardRequest" hits="22" signature="()V">
              <lines>
                <line number="11" hits="22"/>
              </lines>
            </method>
            <method name="(anonymous_4)" hits="20" signature="()V">
              <lines>
                <line number="20" hits="20"/>
              </lines>
            </method>
          </methods>
          <lines>
            <line number="1" hits="5" branch="false"/>
            <line number="2" hits="5" branch="false"/>
            <line number="3" hits="5" branch="false"/>
            <line number="6" hits="22" branch="false"/>
            <line number="7" hits="22" branch="false"/>
            <line number="12" hits="22" branch="false"/>
            <line number="20" hits="20" branch="false"/>
            <line number="23" hits="22" branch="true" condition-coverage="100% (5/5)"/>
            <line number="24" hits="13" branch="false"/>
            <line number="27" hits="22" branch="false"/>
            <line number="28" hits="22" branch="false"/>
            <line number="33" hits="20" branch="false"/>
            <line number="35" hits="2" branch="true" condition-coverage="50% (1/2)"/>
            <line number="36" hits="0" branch="false"/>
            <line number="42" hits="0" branch="false"/>
            <line number="55" hits="2" branch="true" condition-coverage="50% (2/4)"/>
            <line number="56" hits="2" branch="false"/>
            <line number="63" hits="2" branch="false"/>
            <line number="76" hits="0" branch="false"/>
            <line number="83" hits="0" branch="false"/>
            <line number="97" hits="5" branch="false"/>
          </lines>
        </class>
      </classes>
    </package>
    <package name="src.routes" line-rate="0.8934000000000001" branch-rate="0.9444">
      <classes>
        <class name="auth.routes.js" filename="src\routes\auth.routes.js" line-rate="0.8823000000000001" branch-rate="1">
          <methods>
            <method name="(anonymous_0)" hits="5" signature="()V">
              <lines>
                <line number="8" hits="5"/>
              </lines>
            </method>
            <method name="(anonymous_1)" hits="1" signature="()V">
              <lines>
                <line number="24" hits="1"/>
              </lines>
            </method>
          </methods>
          <lines>
            <line number="1" hits="5" branch="false"/>
            <line number="2" hits="5" branch="false"/>
            <line number="3" hits="5" branch="false"/>
            <line number="4" hits="5" branch="false"/>
            <line number="5" hits="5" branch="false"/>
            <line number="8" hits="5" branch="false"/>
            <line number="9" hits="5" branch="false"/>
            <line number="10" hits="5" branch="false"/>
            <line number="17" hits="5" branch="false"/>
            <line number="19" hits="0" branch="false"/>
            <line number="24" hits="5" branch="false"/>
            <line number="25" hits="1" branch="false"/>
            <line number="26" hits="1" branch="false"/>
            <line number="32" hits="1" branch="false"/>
            <line number="39" hits="1" branch="false"/>
            <line number="41" hits="0" branch="false"/>
            <line number="45" hits="5" branch="false"/>
          </lines>
        </class>
        <class name="employees.routes.js" filename="src\routes\employees.routes.js" line-rate="0.9037999999999999" branch-rate="0.9375">
          <methods>
            <method name="buildHeaders" hits="10" signature="()V">
              <lines>
                <line number="12" hits="10"/>
              </lines>
            </method>
            <method name="(anonymous_1)" hits="1" signature="()V">
              <lines>
                <line number="21" hits="1"/>
              </lines>
            </method>
            <method name="(anonymous_2)" hits="2" signature="()V">
              <lines>
                <line number="35" hits="2"/>
              </lines>
            </method>
            <method name="(anonymous_3)" hits="4" signature="()V">
              <lines>
                <line number="50" hits="4"/>
              </lines>
            </method>
            <method name="(anonymous_4)" hits="1" signature="()V">
              <lines>
                <line number="118" hits="1"/>
              </lines>
            </method>
            <method name="(anonymous_5)" hits="2" signature="()V">
              <lines>
                <line number="134" hits="2"/>
              </lines>
            </method>
          </methods>
          <lines>
            <line number="1" hits="5" branch="false"/>
            <line number="2" hits="5" branch="false"/>
            <line number="3" hits="5" branch="false"/>
            <line number="4" hits="5" branch="false"/>
            <line number="5" hits="5" branch="false"/>
            <line number="6" hits="5" branch="false"/>
            <line number="7" hits="5" branch="false"/>
            <line number="10" hits="5" branch="false"/>
            <line number="13" hits="10" branch="false"/>
            <line number="21" hits="5" branch="false"/>
            <line number="22" hits="1" branch="false"/>
            <line number="23" hits="1" branch="true" condition-coverage="100% (2/2)"/>
            <line number="24" hits="1" branch="true" condition-coverage="100% (2/2)"/>
            <line number="25" hits="1" branch="false"/>
            <line number="27" hits="1" branch="false"/>
            <line number="28" hits="1" branch="false"/>
            <line number="30" hits="0" branch="false"/>
            <line number="35" hits="5" branch="false"/>
            <line number="36" hits="2" branch="false"/>
            <line number="37" hits="2" branch="false"/>
            <line number="43" hits="2" branch="false"/>
            <line number="45" hits="0" branch="false"/>
            <line number="50" hits="5" branch="false"/>
            <line number="51" hits="4" branch="false"/>
            <line number="52" hits="4" branch="false"/>
            <line number="53" hits="4" branch="false"/>
            <line number="55" hits="4" branch="false"/>
            <line number="67" hits="4" branch="true" condition-coverage="100% (2/2)"/>
            <line number="68" hits="2" branch="false"/>
            <line number="69" hits="2" branch="true" condition-coverage="100% (4/4)"/>
            <line number="70" hits="1" branch="false"/>
            <line number="80" hits="1" branch="false"/>
            <line number="86" hits="1" branch="false"/>
            <line number="96" hits="2" branch="false"/>
            <line number="99" hits="2" branch="false"/>
            <line number="100" hits="2" branch="true" condition-coverage="100% (4/4)"/>
            <line number="101" hits="1" branch="true" condition-coverage="50% (1/2)"/>
            <line number="104" hits="2" branch="false"/>
            <line number="113" hits="0" branch="false"/>
            <line number="118" hits="5" branch="false"/>
            <line number="119" hits="1" branch="false"/>
            <line number="120" hits="1" branch="false"/>
            <line number="121" hits="1" branch="false"/>
            <line number="127" hits="1" branch="false"/>
            <line number="129" hits="0" branch="false"/>
            <line number="134" hits="5" branch="false"/>
            <line number="135" hits="2" branch="false"/>
            <line number="136" hits="2" branch="false"/>
            <line number="137" hits="2" branch="false"/>
            <line number="143" hits="2" branch="false"/>
            <line number="145" hits="0" branch="false"/>
            <line number="149" hits="5" branch="false"/>
          </lines>
        </class>
        <class name="profile.routes.js" filename="src\routes\profile.routes.js" line-rate="0.9" branch-rate="1">
          <methods>
            <method name="buildHeaders" hits="3" signature="()V">
              <lines>
                <line number="10" hits="3"/>
              </lines>
            </method>
            <method name="(anonymous_1)" hits="1" signature="()V">
              <lines>
                <line number="19" hits="1"/>
              </lines>
            </method>
            <method name="(anonymous_2)" hits="2" signature="()V">
              <lines>
                <line number="35" hits="2"/>
              </lines>
            </method>
          </methods>
          <lines>
            <line number="1" hits="5" branch="false"/>
            <line number="2" hits="5" branch="false"/>
            <line number="3" hits="5" branch="false"/>
            <line number="4" hits="5" branch="false"/>
            <line number="5" hits="5" branch="false"/>
            <line number="8" hits="5" branch="false"/>
            <line number="11" hits="3" branch="false"/>
            <line number="19" hits="5" branch="false"/>
            <line number="20" hits="1" branch="false"/>
            <line number="21" hits="1" branch="false"/>
            <line number="22" hits="1" branch="false"/>
            <line number="28" hits="1" branch="false"/>
            <line number="30" hits="0" branch="false"/>
            <line number="35" hits="5" branch="false"/>
            <line number="36" hits="2" branch="false"/>
            <line number="37" hits="2" branch="false"/>
            <line number="38" hits="2" branch="false"/>
            <line number="44" hits="2" branch="false"/>
            <line number="46" hits="0" branch="false"/>
            <line number="50" hits="5" branch="false"/>
          </lines>
        </class>
        <class name="vacations.routes.js" filename="src\routes\vacations.routes.js" line-rate="0.8787" branch-rate="1">
          <methods>
            <method name="buildHeaders" hits="7" signature="()V">
              <lines>
                <line number="10" hits="7"/>
              </lines>
            </method>
            <method name="(anonymous_1)" hits="2" signature="()V">
              <lines>
                <line number="19" hits="2"/>
              </lines>
            </method>
            <method name="(anonymous_2)" hits="2" signature="()V">
              <lines>
                <line number="34" hits="2"/>
              </lines>
            </method>
            <method name="(anonymous_3)" hits="2" signature="()V">
              <lines>
                <line number="49" hits="2"/>
              </lines>
            </method>
            <method name="(anonymous_4)" hits="1" signature="()V">
              <lines>
                <line number="65" hits="1"/>
              </lines>
            </method>
          </methods>
          <lines>
            <line number="1" hits="5" branch="false"/>
            <line number="2" hits="5" branch="false"/>
            <line number="3" hits="5" branch="false"/>
            <line number="4" hits="5" branch="false"/>
            <line number="5" hits="5" branch="false"/>
            <line number="8" hits="5" branch="false"/>
            <line number="11" hits="7" branch="false"/>
            <line number="19" hits="5" branch="false"/>
            <line number="20" hits="2" branch="false"/>
            <line number="21" hits="2" branch="false"/>
            <line number="27" hits="2" branch="false"/>
            <line number="29" hits="0" branch="false"/>
            <line number="34" hits="5" branch="false"/>
            <line number="35" hits="2" branch="false"/>
            <line number="36" hits="2" branch="false"/>
            <line number="37" hits="2" branch="true" condition-coverage="100% (2/2)"/>
            <line number="38" hits="1" branch="false"/>
            <line number="41" hits="2" branch="false"/>
            <line number="42" hits="2" branch="false"/>
            <line number="44" hits="0" branch="false"/>
            <line number="49" hits="5" branch="false"/>
            <line number="50" hits="2" branch="false"/>
            <line number="51" hits="2" branch="false"/>
            <line number="52" hits="2" branch="false"/>
            <line number="58" hits="2" branch="false"/>
            <line number="60" hits="0" branch="false"/>
            <line number="65" hits="5" branch="false"/>
            <line number="66" hits="1" branch="false"/>
            <line number="67" hits="1" branch="false"/>
            <line number="68" hits="1" branch="false"/>
            <line number="74" hits="1" branch="false"/>
            <line number="76" hits="0" branch="false"/>
            <line number="80" hits="5" branch="false"/>
          </lines>
        </class>
      </classes>
    </package>
  </packages>
</coverage>
