TN:
SF:src\app.js
FN:48,(anonymous_0)
FN:50,(anonymous_1)
FN:78,(anonymous_2)
FN:90,(anonymous_3)
FN:101,(anonymous_4)
FN:119,(anonymous_5)
FN:151,(anonymous_6)
FNF:7
FNH:7
FNDA:35,(anonymous_0)
FNDA:35,(anonymous_1)
FNDA:2,(anonymous_2)
FNDA:10,(anonymous_3)
FNDA:10,(anonymous_4)
FNDA:1,(anonymous_5)
FNDA:1,(anonymous_6)
DA:1,5
DA:2,5
DA:3,5
DA:4,5
DA:5,5
DA:6,5
DA:7,5
DA:8,5
DA:10,5
DA:11,5
DA:12,5
DA:14,5
DA:15,5
DA:16,5
DA:17,5
DA:19,5
DA:24,5
DA:25,5
DA:26,5
DA:27,5
DA:32,5
DA:34,5
DA:41,5
DA:48,5
DA:49,35
DA:50,35
DA:51,35
DA:52,35
DA:53,35
DA:54,35
DA:56,35
DA:63,5
DA:64,5
DA:65,5
DA:66,5
DA:68,0
DA:78,5
DA:79,2
DA:87,2
DA:89,2
DA:91,10
DA:92,10
DA:93,9
DA:95,1
DA:101,2
DA:102,10
DA:103,0
DA:107,2
DA:119,5
DA:120,1
DA:121,1
DA:122,1
DA:124,0
DA:129,0
DA:143,5
DA:144,5
DA:145,5
DA:146,5
DA:151,5
DA:152,1
DA:165,5
DA:167,5
LF:62
LH:58
BRDA:51,0,0,32
BRDA:51,0,1,3
BRDA:102,1,0,0
BRDA:102,1,1,10
BRF:4
BRH:3
end_of_record
TN:
SF:src\config.js
FNF:0
FNH:0
DA:1,5
LF:1
LH:1
BRDA:2,0,0,5
BRDA:2,0,1,5
BRDA:3,1,0,5
BRDA:3,1,1,5
BRDA:5,2,0,5
BRDA:5,2,1,5
BRDA:6,3,0,5
BRDA:6,3,1,5
BRDA:7,4,0,5
BRDA:7,4,1,5
BRDA:8,5,0,5
BRDA:8,5,1,5
BRDA:9,6,0,5
BRDA:9,6,1,5
BRDA:11,7,0,5
BRDA:11,7,1,5
BRF:16
BRH:16
end_of_record
TN:
SF:src\middleware\auth.middleware.js
FN:5,authMiddleware
FNF:1
FNH:1
FNDA:26,authMiddleware
DA:1,5
DA:2,5
DA:3,5
DA:6,26
DA:8,26
DA:9,3
DA:19,23
DA:21,23
DA:22,23
DA:28,22
DA:30,22
DA:31,1
DA:41,21
DA:42,21
DA:45,21
DA:46,21
DA:47,21
DA:49,21
DA:51,1
DA:52,1
DA:57,1
DA:67,0
DA:68,0
DA:78,0
DA:83,0
DA:94,5
LF:26
LH:22
BRDA:8,0,0,3
BRDA:8,0,1,23
BRDA:8,1,0,26
BRDA:8,1,1,23
BRDA:30,2,0,1
BRDA:30,2,1,21
BRDA:30,3,0,22
BRDA:30,3,1,22
BRDA:35,4,0,1
BRDA:35,4,1,0
BRDA:42,5,0,21
BRDA:42,5,1,0
BRDA:51,6,0,1
BRDA:51,6,1,0
BRDA:51,7,0,1
BRDA:51,7,1,1
BRDA:67,8,0,0
BRDA:67,8,1,0
BRDA:67,9,0,0
BRDA:67,9,1,0
BRF:20
BRH:13
end_of_record
TN:
SF:src\middleware\error.middleware.js
FN:3,errorMiddleware
FNF:1
FNH:1
FNDA:3,errorMiddleware
DA:1,6
DA:4,3
DA:14,3
DA:15,1
DA:25,2
DA:35,6
LF:6
LH:6
BRDA:14,0,0,1
BRDA:14,0,1,2
BRDA:25,1,0,2
BRDA:25,1,1,1
BRDA:28,2,0,2
BRDA:28,2,1,1
BRDA:29,3,0,2
BRDA:29,3,1,0
BRF:8
BRH:7
end_of_record
TN:
SF:src\middleware\logger.middleware.js
FN:20,requestLogger
FN:23,(anonymous_1)
FNF:2
FNH:2
FNDA:35,requestLogger
FNDA:35,(anonymous_1)
DA:1,6
DA:3,6
DA:21,35
DA:23,35
DA:24,35
DA:25,35
DA:37,35
DA:38,4
DA:39,31
DA:40,13
DA:42,18
DA:46,35
DA:49,6
LF:13
LH:13
BRDA:4,0,0,6
BRDA:4,0,1,6
BRDA:27,1,0,4
BRDA:27,1,1,31
BRDA:27,2,0,13
BRDA:27,2,1,18
BRDA:33,3,0,35
BRDA:33,3,1,35
BRDA:34,4,0,35
BRDA:34,4,1,14
BRDA:37,5,0,4
BRDA:37,5,1,31
BRDA:39,6,0,13
BRDA:39,6,1,18
BRF:14
BRH:14
end_of_record
TN:
SF:src\proxy\httpProxy.js
FN:5,createTimeout
FN:6,(anonymous_1)
FN:7,(anonymous_2)
FN:11,forwardRequest
FN:20,(anonymous_4)
FNF:5
FNH:4
FNDA:22,createTimeout
FNDA:22,(anonymous_1)
FNDA:0,(anonymous_2)
FNDA:22,forwardRequest
FNDA:20,(anonymous_4)
DA:1,5
DA:2,5
DA:3,5
DA:6,22
DA:7,22
DA:12,22
DA:20,20
DA:23,22
DA:24,13
DA:27,22
DA:28,22
DA:33,20
DA:35,2
DA:36,0
DA:42,0
DA:55,2
DA:56,2
DA:63,2
DA:76,0
DA:83,0
DA:97,5
LF:21
LH:17
BRDA:11,0,0,0
BRDA:11,1,0,0
BRDA:11,2,0,22
BRDA:23,3,0,13
BRDA:23,3,1,9
BRDA:23,4,0,22
BRDA:23,4,1,13
BRDA:23,4,2,3
BRDA:35,5,0,0
BRDA:35,5,1,2
BRDA:55,6,0,2
BRDA:55,6,1,0
BRDA:55,7,0,2
BRDA:55,7,1,0
BRF:14
BRH:9
end_of_record
TN:
SF:src\routes\auth.routes.js
FN:8,(anonymous_0)
FN:24,(anonymous_1)
FNF:2
FNH:2
FNDA:5,(anonymous_0)
FNDA:1,(anonymous_1)
DA:1,5
DA:2,5
DA:3,5
DA:4,5
DA:5,5
DA:8,5
DA:9,5
DA:10,5
DA:17,5
DA:19,0
DA:24,5
DA:25,1
DA:26,1
DA:32,1
DA:39,1
DA:41,0
DA:45,5
LF:17
LH:15
BRF:0
BRH:0
end_of_record
TN:
SF:src\routes\employees.routes.js
FN:12,buildHeaders
FN:21,(anonymous_1)
FN:35,(anonymous_2)
FN:50,(anonymous_3)
FN:118,(anonymous_4)
FN:134,(anonymous_5)
FNF:6
FNH:6
FNDA:10,buildHeaders
FNDA:1,(anonymous_1)
FNDA:2,(anonymous_2)
FNDA:4,(anonymous_3)
FNDA:1,(anonymous_4)
FNDA:2,(anonymous_5)
DA:1,5
DA:2,5
DA:3,5
DA:4,5
DA:5,5
DA:6,5
DA:7,5
DA:10,5
DA:13,10
DA:21,5
DA:22,1
DA:23,1
DA:24,1
DA:25,1
DA:27,1
DA:28,1
DA:30,0
DA:35,5
DA:36,2
DA:37,2
DA:43,2
DA:45,0
DA:50,5
DA:51,4
DA:52,4
DA:53,4
DA:55,4
DA:67,4
DA:68,2
DA:69,2
DA:70,1
DA:80,1
DA:86,1
DA:96,2
DA:99,2
DA:100,2
DA:101,1
DA:104,2
DA:113,0
DA:118,5
DA:119,1
DA:120,1
DA:121,1
DA:127,1
DA:129,0
DA:134,5
DA:135,2
DA:136,2
DA:137,2
DA:143,2
DA:145,0
DA:149,5
LF:52
LH:47
BRDA:23,0,0,1
BRDA:23,0,1,1
BRDA:24,1,0,1
BRDA:24,1,1,1
BRDA:67,2,0,2
BRDA:67,2,1,2
BRDA:69,3,0,1
BRDA:69,3,1,1
BRDA:69,4,0,2
BRDA:69,4,1,1
BRDA:100,5,0,1
BRDA:100,5,1,1
BRDA:100,6,0,2
BRDA:100,6,1,1
BRDA:101,7,0,1
BRDA:101,7,1,0
BRF:16
BRH:15
end_of_record
TN:
SF:src\routes\profile.routes.js
FN:10,buildHeaders
FN:19,(anonymous_1)
FN:35,(anonymous_2)
FNF:3
FNH:3
FNDA:3,buildHeaders
FNDA:1,(anonymous_1)
FNDA:2,(anonymous_2)
DA:1,5
DA:2,5
DA:3,5
DA:4,5
DA:5,5
DA:8,5
DA:11,3
DA:19,5
DA:20,1
DA:21,1
DA:22,1
DA:28,1
DA:30,0
DA:35,5
DA:36,2
DA:37,2
DA:38,2
DA:44,2
DA:46,0
DA:50,5
LF:20
LH:18
BRF:0
BRH:0
end_of_record
TN:
SF:src\routes\vacations.routes.js
FN:10,buildHeaders
FN:19,(anonymous_1)
FN:34,(anonymous_2)
FN:49,(anonymous_3)
FN:65,(anonymous_4)
FNF:5
FNH:5
FNDA:7,buildHeaders
FNDA:2,(anonymous_1)
FNDA:2,(anonymous_2)
FNDA:2,(anonymous_3)
FNDA:1,(anonymous_4)
DA:1,5
DA:2,5
DA:3,5
DA:4,5
DA:5,5
DA:8,5
DA:11,7
DA:19,5
DA:20,2
DA:21,2
DA:27,2
DA:29,0
DA:34,5
DA:35,2
DA:36,2
DA:37,2
DA:38,1
DA:41,2
DA:42,2
DA:44,0
DA:49,5
DA:50,2
DA:51,2
DA:52,2
DA:58,2
DA:60,0
DA:65,5
DA:66,1
DA:67,1
DA:68,1
DA:74,1
DA:76,0
DA:80,5
LF:33
LH:29
BRDA:37,0,0,1
BRDA:37,0,1,1
BRF:2
BRH:2
end_of_record
